#
# There is insufficient memory for the Java Runtime Environment to continue.
# Native memory allocation (malloc) failed to allocate 1048576 bytes for AllocateHeap
# Possible reasons:
#   The system is out of physical RAM or swap space
#   In 32 bit mode, the process size limit was hit
# Possible solutions:
#   Reduce memory load on the system
#   Increase physical memory or swap space
#   Check if swap backing store is full
#   Use 64 bit Java on a 64 bit OS
#   Decrease Java heap size (-Xmx/-Xms)
#   Decrease number of Java threads
#   Decrease Java thread stack sizes (-Xss)
#   Set larger code cache with -XX:ReservedCodeCacheSize=
# This output file may be truncated or incomplete.
#
#  Out of Memory Error (memory/allocation.inline.hpp:61), pid=28932, tid=0x0000000000007194
#
# JRE version:  (8.0_162-b12) (build )
# Java VM: Java HotSpot(TM) 64-Bit Server VM (25.162-b12 mixed mode windows-amd64 compressed oops)
# Failed to write core dump. Minidumps are not enabled by default on client versions of Windows
#

---------------  T H R E A D  ---------------

Current thread (0x00000000025fe800):  JavaThread "Unknown thread" [_thread_in_vm, id=29076, stack(0x0000000002410000,0x0000000002510000)]

Stack: [0x0000000002410000,0x0000000002510000]
[error occurred during error reporting (printing stack bounds), id 0xc0000005]

Native frames: (J=compiled Java code, j=interpreted, Vv=VM code, C=native code)


---------------  P R O C E S S  ---------------

Java Threads: ( => current thread )

Other Threads:

=>0x00000000025fe800 (exited) JavaThread "Unknown thread" [_thread_in_vm, id=29076, stack(0x0000000002410000,0x0000000002510000)]

VM state:not at safepoint (normal execution)

VM Mutex/Monitor currently owned by a thread: None

Heap:
 PSYoungGen      total 76288K, used 1310K [0x000000076b300000, 0x0000000770800000, 0x00000007c0000000)
  eden space 65536K, 2% used [0x000000076b300000,0x000000076b447af0,0x000000076f300000)
  from space 10752K, 0% used [0x000000076fd80000,0x000000076fd80000,0x0000000770800000)
  to   space 10752K, 0% used [0x000000076f300000,0x000000076f300000,0x000000076fd80000)
 ParOldGen       total 175104K, used 0K [0x00000006c1800000, 0x00000006cc300000, 0x000000076b300000)
  object space 175104K, 0% used [0x00000006c1800000,0x00000006c1800000,0x00000006cc300000)
 Metaspace       used 770K, capacity 4480K, committed 4480K, reserved 1056768K
  class space    used 75K, capacity 384K, committed 384K, reserved 1048576K

Card table byte_map: [0x0000000011ac0000,0x00000000122c0000] byte_map_base: 0x000000000e4b4000

Marking Bits: (ParMarkBitMap*) 0x0000000074f50860
 Begin Bits: [0x0000000013010000, 0x0000000016fb0000)
 End Bits:   [0x0000000016fb0000, 0x000000001af50000)

Polling page: 0x0000000000600000

CodeCache: size=245760Kb used=327Kb max_used=327Kb free=245432Kb
 bounds [0x0000000002700000, 0x0000000002970000, 0x0000000011700000]
 total_blobs=57 nmethods=0 adapters=38
 compilation: enabled

Compilation events (0 events):
No events

GC Heap History (0 events):
No events

Deoptimization events (0 events):
No events

Classes redefined (0 events):
No events

Internal exceptions (0 events):
No events

Events (10 events):
Event: 0.034 loading class java/lang/Short
Event: 0.034 loading class java/lang/Short done
Event: 0.034 loading class java/lang/Integer
Event: 0.034 loading class java/lang/Integer done
Event: 0.034 loading class java/lang/Long
Event: 0.035 loading class java/lang/Long done
Event: 0.036 loading class java/lang/NullPointerException
Event: 0.036 loading class java/lang/NullPointerException done
Event: 0.036 loading class java/lang/ArithmeticException
Event: 0.036 loading class java/lang/ArithmeticException done


Dynamic libraries:
0x00007ff6d53b0000 - 0x00007ff6d53e7000 	D:\Program Files\Java\jdk1.8.0_162\bin\javaw.exe
0x00007ff847b90000 - 0x00007ff847d71000 	C:\WINDOWS\SYSTEM32\ntdll.dll
0x00007ff8469f0000 - 0x00007ff846aa2000 	C:\WINDOWS\System32\KERNEL32.DLL
0x00007ff8441c0000 - 0x00007ff844433000 	C:\WINDOWS\System32\KERNELBASE.dll
0x00007ff8479e0000 - 0x00007ff847a81000 	C:\WINDOWS\System32\ADVAPI32.dll
0x00007ff846ab0000 - 0x00007ff846b4e000 	C:\WINDOWS\System32\msvcrt.dll
0x00007ff847110000 - 0x00007ff84716b000 	C:\WINDOWS\System32\sechost.dll
0x00007ff8478b0000 - 0x00007ff8479d4000 	C:\WINDOWS\System32\RPCRT4.dll
0x00007ff8476a0000 - 0x00007ff847830000 	C:\WINDOWS\System32\USER32.dll
0x00007ff843f60000 - 0x00007ff843f80000 	C:\WINDOWS\System32\win32u.dll
0x00007ff8469a0000 - 0x00007ff8469c8000 	C:\WINDOWS\System32\GDI32.dll
0x00007ff844020000 - 0x00007ff8441b2000 	C:\WINDOWS\System32\gdi32full.dll
0x00007ff843f80000 - 0x00007ff84401f000 	C:\WINDOWS\System32\msvcp_win.dll
0x00007ff844700000 - 0x00007ff8447fa000 	C:\WINDOWS\System32\ucrtbase.dll
0x00007ff834350000 - 0x00007ff8345b9000 	C:\WINDOWS\WinSxS\amd64_microsoft.windows.common-controls_6595b64144ccf1df_6.0.17134.165_none_fb429645306569ac\COMCTL32.dll
0x00007ff8471e0000 - 0x00007ff847503000 	C:\WINDOWS\System32\combase.dll
0x00007ff844680000 - 0x00007ff8446fa000 	C:\WINDOWS\System32\bcryptPrimitives.dll
0x00007ff846df0000 - 0x00007ff846e1d000 	C:\WINDOWS\System32\IMM32.DLL
0x0000000075710000 - 0x00000000757e1000 	D:\Program Files\Java\jdk1.8.0_162\jre\bin\msvcr100.dll
0x0000000074730000 - 0x0000000074fd0000 	D:\Program Files\Java\jdk1.8.0_162\jre\bin\server\jvm.dll
0x00007ff846c20000 - 0x00007ff846c28000 	C:\WINDOWS\System32\PSAPI.DLL
0x00007ff837de0000 - 0x00007ff837de9000 	C:\WINDOWS\SYSTEM32\WSOCK32.dll
0x00007ff83a9e0000 - 0x00007ff83aa03000 	C:\WINDOWS\SYSTEM32\WINMM.dll
0x00007ff83ada0000 - 0x00007ff83adaa000 	C:\WINDOWS\SYSTEM32\VERSION.dll
0x00007ff846bb0000 - 0x00007ff846c1c000 	C:\WINDOWS\System32\WS2_32.dll
0x00007ff83a9b0000 - 0x00007ff83a9da000 	C:\WINDOWS\SYSTEM32\winmmbase.dll
0x00007ff844630000 - 0x00007ff844679000 	C:\WINDOWS\System32\cfgmgr32.dll
0x0000000075e00000 - 0x0000000075e0f000 	D:\Program Files\Java\jdk1.8.0_162\jre\bin\verify.dll
0x0000000075dd0000 - 0x0000000075df9000 	D:\Program Files\Java\jdk1.8.0_162\jre\bin\java.dll
0x0000000075db0000 - 0x0000000075dc6000 	D:\Program Files\Java\jdk1.8.0_162\jre\bin\zip.dll

VM Arguments:
jvm_args: -Dfile.encoding=Cp1252 
java_command: AdminPanels.AddLogin
java_class_path (initial): D:\Program Files\Java\jdk1.8.0_162\jre\lib\resources.jar;D:\Program Files\Java\jdk1.8.0_162\jre\lib\rt.jar;D:\Program Files\Java\jdk1.8.0_162\jre\lib\jsse.jar;D:\Program Files\Java\jdk1.8.0_162\jre\lib\jce.jar;D:\Program Files\Java\jdk1.8.0_162\jre\lib\charsets.jar;D:\Program Files\Java\jdk1.8.0_162\jre\lib\jfr.jar;D:\Program Files\Java\jdk1.8.0_162\jre\lib\ext\access-bridge-64.jar;D:\Program Files\Java\jdk1.8.0_162\jre\lib\ext\cldrdata.jar;D:\Program Files\Java\jdk1.8.0_162\jre\lib\ext\dnsns.jar;D:\Program Files\Java\jdk1.8.0_162\jre\lib\ext\jaccess.jar;D:\Program Files\Java\jdk1.8.0_162\jre\lib\ext\jfxrt.jar;D:\Program Files\Java\jdk1.8.0_162\jre\lib\ext\localedata.jar;D:\Program Files\Java\jdk1.8.0_162\jre\lib\ext\nashorn.jar;D:\Program Files\Java\jdk1.8.0_162\jre\lib\ext\sunec.jar;D:\Program Files\Java\jdk1.8.0_162\jre\lib\ext\sunjce_provider.jar;D:\Program Files\Java\jdk1.8.0_162\jre\lib\ext\sunmscapi.jar;D:\Program Files\Java\jdk1.8.0_162\jre\lib\ext\sunpkcs11.jar;D:\Program Files\Java\jdk1.8.0_162\jre\lib\ext\zipfs.jar;C:\Users\clubk\git\AstrOS\bin;C:\Users\clubk\git\AstrOS\mysql-connector-java-8.0.12.jar
Launcher Type: SUN_STANDARD

Environment Variables:
PATH=D:/Program Files/Java/jdk1.8.0_162/bin/../jre/bin/server;D:/Program Files/Java/jdk1.8.0_162/bin/../jre/bin;D:/Program Files/Java/jdk1.8.0_162/bin/../jre/lib/amd64;C:\Python27\;C:\Python27\Scripts;C:\Program Files (x86)\Razer Chroma SDK\bin;D:\Program Files\Razer Chroma SDK\bin;C:\Program Files\Oculus\Support\oculus-runtime;C:\Windows\system32;C:\Windows;C:\Windows\System32\Wbem;C:\Windows\System32\WindowsPowerShell\v1.0\;C:\Program Files (x86)\NVIDIA Corporation\PhysX\Common;C:\Program Files\PuTTY\;C:\Users\clubk\AppData\Local\Microsoft\WindowsApps;D:\Program Files\Java\jdk1.8.0_162\bin;D:\Program Files\PuTTY\;C:\WINDOWS\system32;C:\WINDOWS;C:\WINDOWS\System32\Wbem;C:\WINDOWS\System32\WindowsPowerShell\v1.0\;C:\WINDOWS\System32\OpenSSH\;C:\Users\clubk\AppData\Local\Programs\Python\Python36-32\Scripts\;C:\Users\clubk\AppData\Local\Programs\Python\Python36-32\;C:\adb;D:\Program Files\Microsoft Network Monitor 3\;C:\Python27\;C:\Python27\Scripts\;C:\Users\clubk\AppData\Local\Programs\Python\Python36-32\Scripts\;C:\Users\clubk\AppData\Local\Programs\Python\Python36-32\;C:\Users\clubk\AppData\Local\Microsoft\WindowsApps;D:\Program Files\Java\jdk1.8.0_162\bin;C:\adb;;C:\Users\clubk\Desktop\eclipse;
USERNAME=clubk
OS=Windows_NT
PROCESSOR_IDENTIFIER=AMD64 Family 21 Model 2 Stepping 0, AuthenticAMD



---------------  S Y S T E M  ---------------

OS: Windows 10.0 , 64 bit Build 17134 (10.0.17134.1)

CPU:total 8 (initial active 8) (8 cores per cpu, 1 threads per core) family 21 model 2 stepping 0, cmov, cx8, fxsr, mmx, sse, sse2, sse3, ssse3, sse4.1, sse4.2, popcnt, avx, aes, clmul, mmxext, 3dnowpref, lzcnt, sse4a, tsc, tscinvbit, tscinv, bmi1

Memory: 4k page, physical 16674296k(8387316k free), swap 45916164k(5992k free)

vm_info: Java HotSpot(TM) 64-Bit Server VM (25.162-b12) for windows-amd64 JRE (1.8.0_162-b12), built on Dec 19 2017 20:00:03 by "java_re" with MS VC++ 10.0 (VS2010)

time: Wed Aug 08 13:40:21 2018
elapsed time: 0 seconds (0d 0h 0m 0s)

